<?xml version="1.0" encoding="UTF-8"?>
<!-- Generated by org.testng.reporters.JUnitReportReporter -->
<testsuite hostname="ShamalaAcharya" failures="0" tests="1" name="QAFox.ECommerce.AppTest2" time="86.800" errors="0" timestamp="17 Aug 2023 09:26:19 GMT" skipped="0">
  <testcase classname="QAFox.ECommerce.AppTest2" name="testApp" time="86.800"/>
</testsuite> <!-- QAFox.ECommerce.AppTest2 -->
