<?xml version="1.0" encoding="UTF-8"?>
<!-- Generated by org.testng.reporters.JUnitReportReporter -->
<testsuite hostname="ShamalaAcharya" failures="0" tests="1" name="QAFox.ECommerce.AppTest4" time="29.227" errors="0" timestamp="18 Aug 2023 09:17:09 GMT" skipped="0">
  <testcase classname="QAFox.ECommerce.AppTest4" name="testApp" time="29.227"/>
</testsuite> <!-- QAFox.ECommerce.AppTest4 -->
