<?xml version="1.0" encoding="UTF-8"?>
<!-- Generated by org.testng.reporters.JUnitReportReporter -->
<testsuite hostname="ShamalaAcharya" failures="0" tests="1" name="genericScripts.TakePhoto" time="0.082" errors="0" timestamp="17 Aug 2023 05:30:15 GMT" skipped="0">
  <testcase classname="genericScripts.TakePhoto" name="takePhoto" time="0.082"/>
</testsuite> <!-- genericScripts.TakePhoto -->
