<?xml version="1.0" encoding="UTF-8"?>
<!-- Generated by org.testng.reporters.JUnitReportReporter -->
<testsuite hostname="ShamalaAcharya" failures="0" tests="1" name="QAFox.ECommerce.AppTest3" time="23.240" errors="0" timestamp="18 Aug 2023 08:37:23 GMT" skipped="0">
  <testcase classname="QAFox.ECommerce.AppTest3" name="testApp" time="23.240"/>
</testsuite> <!-- QAFox.ECommerce.AppTest3 -->
