<?xml version="1.0" encoding="UTF-8"?>
<!-- Generated by org.testng.reporters.JUnitReportReporter -->
<testsuite hostname="ShamalaAcharya" failures="0" tests="1" name="genericScripts.GenerateUserData" time="0.350" errors="0" timestamp="17 Aug 2023 08:49:23 GMT" skipped="0">
  <testcase classname="genericScripts.GenerateUserData" name="data" time="0.350"/>
</testsuite> <!-- genericScripts.GenerateUserData -->
