<?xml version="1.0" encoding="UTF-8"?>
<!-- Generated by org.testng.reporters.JUnitReportReporter -->
<testsuite hostname="ShamalaAcharya" failures="0" tests="1" name="QAFox.ECommerce.AppTest" time="39.856" errors="0" timestamp="17 Aug 2023 06:11:24 GMT" skipped="0">
  <testcase classname="QAFox.ECommerce.AppTest" name="testApp" time="39.856"/>
</testsuite> <!-- QAFox.ECommerce.AppTest -->
